Performing C SOURCE FILE Test CMAKE_HAVE_LIBC_PTHREAD failed with the following output:
Change Dir: /s/chopin/n/under/jacc/Project-Cerberus/cerberus/build/CMakeFiles/CMakeTmp

Run Build Command(s):/bin/ninja-build cmTC_40a22 && [1/2] Building C object CMakeFiles/cmTC_40a22.dir/src.c.o
[2/2] Linking C executable cmTC_40a22
FAILED: cmTC_40a22 
: && /bin/cc -g -O0 --coverage -fprofile-arcs -ftest-coverage  CMakeFiles/cmTC_40a22.dir/src.c.o -o cmTC_40a22   && :
CMakeFiles/cmTC_40a22.dir/src.c.o: In function `main':
/s/chopin/n/under/jacc/Project-Cerberus/cerberus/build/CMakeFiles/CMakeTmp/src.c:11: undefined reference to `pthread_create'
/s/chopin/n/under/jacc/Project-Cerberus/cerberus/build/CMakeFiles/CMakeTmp/src.c:12: undefined reference to `pthread_detach'
/s/chopin/n/under/jacc/Project-Cerberus/cerberus/build/CMakeFiles/CMakeTmp/src.c:13: undefined reference to `pthread_cancel'
/s/chopin/n/under/jacc/Project-Cerberus/cerberus/build/CMakeFiles/CMakeTmp/src.c:14: undefined reference to `pthread_join'
collect2: error: ld returned 1 exit status
ninja: build stopped: subcommand failed.


Source file was:
#include <pthread.h>

static void* test_func(void* data)
{
  return data;
}

int main(void)
{
  pthread_t thread;
  pthread_create(&thread, NULL, test_func, NULL);
  pthread_detach(thread);
  pthread_cancel(thread);
  pthread_join(thread, NULL);
  pthread_atfork(NULL, NULL, NULL);
  pthread_exit(NULL);

  return 0;
}

Determining if the function pthread_create exists in the pthreads failed with the following output:
Change Dir: /s/chopin/n/under/jacc/Project-Cerberus/cerberus/build/CMakeFiles/CMakeTmp

Run Build Command(s):/bin/ninja-build cmTC_8fcf8 && [1/2] Building C object CMakeFiles/cmTC_8fcf8.dir/CheckFunctionExists.c.o
[2/2] Linking C executable cmTC_8fcf8
FAILED: cmTC_8fcf8 
: && /bin/cc -g -O0 --coverage -fprofile-arcs -ftest-coverage -DCHECK_FUNCTION_EXISTS=pthread_create  CMakeFiles/cmTC_8fcf8.dir/CheckFunctionExists.c.o -o cmTC_8fcf8  -lpthreads && :
/bin/ld: cannot find -lpthreads
collect2: error: ld returned 1 exit status
ninja: build stopped: subcommand failed.



